
=== Mon Sep  2 16:11:16 2019

Packages were changed.
Update Mode: mergeDefaultDependencies

The following packages were updated:
  com.unity.ide.rider from version 1.0.8 to 1.1.0

=== Mon Sep  2 16:15:45 2019

Packages were changed.
Update Mode: resetToDefaultDependencies

The following packages were added:
  com.unity.textmeshpro@2.0.1
  com.unity.collab-proxy@1.2.16
  com.unity.ext.nunit@1.0.0
  com.unity.test-framework@1.0.17
  com.unity.timeline@1.1.0
  com.unity.ide.vscode@1.0.7
  com.unity.ide.rider@1.1.0
  com.unity.ugui@1.0.0
  com.unity.modules.ai@1.0.0
  com.unity.modules.animation@1.0.0
  com.unity.modules.androidjni@1.0.0
  com.unity.modules.assetbundle@1.0.0
  com.unity.modules.audio@1.0.0
  com.unity.modules.cloth@1.0.0
  com.unity.modules.director@1.0.0
  com.unity.modules.imageconversion@1.0.0
  com.unity.modules.imgui@1.0.0
  com.unity.modules.jsonserialize@1.0.0
  com.unity.modules.particlesystem@1.0.0
  com.unity.modules.physics@1.0.0
  com.unity.modules.physics2d@1.0.0
  com.unity.modules.screencapture@1.0.0
  com.unity.modules.terrain@1.0.0
  com.unity.modules.terrainphysics@1.0.0
  com.unity.modules.tilemap@1.0.0
  com.unity.modules.ui@1.0.0
  com.unity.modules.uielements@1.0.0
  com.unity.modules.umbra@1.0.0
  com.unity.modules.unityanalytics@1.0.0
  com.unity.modules.unitywebrequest@1.0.0
  com.unity.modules.unitywebrequestassetbundle@1.0.0
  com.unity.modules.unitywebrequestaudio@1.0.0
  com.unity.modules.unitywebrequesttexture@1.0.0
  com.unity.modules.unitywebrequestwww@1.0.0
  com.unity.modules.vehicles@1.0.0
  com.unity.modules.video@1.0.0
  com.unity.modules.vr@1.0.0
  com.unity.modules.wind@1.0.0
  com.unity.modules.xr@1.0.0

=== Tue Jan  4 21:38:10 2022

Packages were changed.
Update Mode: updateDependencies

The following packages were added:
  com.unity.ide.visualstudio@2.0.12
The following packages were updated:
  com.unity.cinemachine from version 2.3.4 to 2.8.2
  com.unity.ext.nunit from version 1.0.0 to 1.0.6
  com.unity.ide.vscode from version 1.1.2 to 1.2.4
  com.unity.recorder from version 2.0.3-preview.1 to 3.0.3
  com.unity.render-pipelines.universal from version 7.1.1 to 12.1.2
  com.unity.textmeshpro from version 2.0.1 to 3.0.6
  com.unity.timeline from version 1.2.1 to 1.6.2
